android/app/build/intermediates/manifest_merge_blame_file/debug/manifest-merger-blame-debug-report.txt
1<?xml version="1.0" encoding="utf-8"?>
2<manifest xmlns:android="http://schemas.android.com/apk/res/android"
3    package="com.anonymous.myapp"
4    android:versionCode="1"
5    android:versionName="1.0.0" >
6
7    <uses-sdk
8        android:minSdkVersion="21"
9        android:targetSdkVersion="33" />
10
11    <uses-permission android:name="android.permission.SYSTEM_ALERT_WINDOW" />
11-->src\main\AndroidManifest.xml:4:3-75
11-->src\main\AndroidManifest.xml:4:20-73
12    <uses-permission android:name="android.permission.INTERNET" />
12-->src\main\AndroidManifest.xml:2:3-64
12-->src\main\AndroidManifest.xml:2:20-62
13    <uses-permission android:name="android.permission.READ_EXTERNAL_STORAGE" />
13-->src\main\AndroidManifest.xml:3:3-77
13-->src\main\AndroidManifest.xml:3:20-75
14    <uses-permission android:name="android.permission.VIBRATE" />
14-->src\main\AndroidManifest.xml:5:3-63
14-->src\main\AndroidManifest.xml:5:20-61
15    <uses-permission android:name="android.permission.WRITE_EXTERNAL_STORAGE" />
15-->src\main\AndroidManifest.xml:6:3-78
15-->src\main\AndroidManifest.xml:6:20-76
16
17    <queries>
17-->src\main\AndroidManifest.xml:7:3-13:13
18        <intent>
18-->src\main\AndroidManifest.xml:8:5-12:14
19            <action android:name="android.intent.action.VIEW" />
19-->src\main\AndroidManifest.xml:9:7-58
19-->src\main\AndroidManifest.xml:9:15-56
20
21            <category android:name="android.intent.category.BROWSABLE" />
21-->src\main\AndroidManifest.xml:10:7-67
21-->src\main\AndroidManifest.xml:10:17-65
22
23            <data android:scheme="https" />
23-->src\main\AndroidManifest.xml:11:7-37
23-->src\main\AndroidManifest.xml:11:13-35
24        </intent>
25
26        <package android:name="host.exp.exponent" /> <!-- Query open documents -->
26-->[:expo-dev-launcher] AndroidManifest.xml:8:9-53
26-->[:expo-dev-launcher] AndroidManifest.xml:8:18-50
27        <intent>
27-->[:expo-file-system] AndroidManifest.xml:15:9-17:18
28            <action android:name="android.intent.action.OPEN_DOCUMENT_TREE" />
28-->[:expo-file-system] AndroidManifest.xml:16:13-79
28-->[:expo-file-system] AndroidManifest.xml:16:21-76
29        </intent>
30    </queries>
31
32    <uses-permission android:name="android.permission.ACCESS_WIFI_STATE" />
32-->[com.facebook.flipper:flipper:0.182.0] AndroidManifest.xml:16:5-76
32-->[com.facebook.flipper:flipper:0.182.0] AndroidManifest.xml:16:22-73
33    <uses-permission android:name="com.google.android.finsky.permission.BIND_GET_INSTALL_REFERRER_SERVICE" />
33-->[com.android.installreferrer:installreferrer:1.0] AndroidManifest.xml:9:5-110
33-->[com.android.installreferrer:installreferrer:1.0] AndroidManifest.xml:9:22-107
34
35    <application
35-->src\main\AndroidManifest.xml:14:3-33:17
36        android:name="com.anonymous.myapp.MainApplication"
36-->src\main\AndroidManifest.xml:14:16-47
37        android:allowBackup="true"
37-->src\main\AndroidManifest.xml:14:162-188
38        android:appComponentFactory="androidx.core.app.CoreComponentFactory"
38-->[androidx.core:core:1.8.0] AndroidManifest.xml:24:18-86
39        android:debuggable="true"
40        android:icon="@mipmap/ic_launcher"
40-->src\main\AndroidManifest.xml:14:81-115
41        android:label="@string/app_name"
41-->src\main\AndroidManifest.xml:14:48-80
42        android:roundIcon="@mipmap/ic_launcher_round"
42-->src\main\AndroidManifest.xml:14:116-161
43        android:theme="@style/AppTheme"
43-->src\main\AndroidManifest.xml:14:189-220
44        android:usesCleartextTraffic="true" >
44-->src\debug\AndroidManifest.xml:6:18-53
45        <meta-data
45-->src\main\AndroidManifest.xml:15:5-83
46            android:name="expo.modules.updates.ENABLED"
46-->src\main\AndroidManifest.xml:15:16-59
47            android:value="false" />
47-->src\main\AndroidManifest.xml:15:60-81
48        <meta-data
48-->src\main\AndroidManifest.xml:16:5-93
49            android:name="expo.modules.updates.EXPO_SDK_VERSION"
49-->src\main\AndroidManifest.xml:16:16-68
50            android:value="49.0.0" />
50-->src\main\AndroidManifest.xml:16:69-91
51        <meta-data
51-->src\main\AndroidManifest.xml:17:5-105
52            android:name="expo.modules.updates.EXPO_UPDATES_CHECK_ON_LAUNCH"
52-->src\main\AndroidManifest.xml:17:16-80
53            android:value="ALWAYS" />
53-->src\main\AndroidManifest.xml:17:81-103
54        <meta-data
54-->src\main\AndroidManifest.xml:18:5-99
55            android:name="expo.modules.updates.EXPO_UPDATES_LAUNCH_WAIT_MS"
55-->src\main\AndroidManifest.xml:18:16-79
56            android:value="0" />
56-->src\main\AndroidManifest.xml:18:80-97
57
58        <activity
58-->src\main\AndroidManifest.xml:19:5-31:16
59            android:name="com.anonymous.myapp.MainActivity"
59-->src\main\AndroidManifest.xml:19:15-43
60            android:configChanges="keyboard|keyboardHidden|orientation|screenSize|uiMode"
60-->src\main\AndroidManifest.xml:19:77-154
61            android:exported="true"
61-->src\main\AndroidManifest.xml:19:276-299
62            android:label="@string/app_name"
62-->src\main\AndroidManifest.xml:19:44-76
63            android:launchMode="singleTask"
63-->src\main\AndroidManifest.xml:19:155-186
64            android:screenOrientation="portrait"
64-->src\main\AndroidManifest.xml:19:300-336
65            android:theme="@style/Theme.App.SplashScreen"
65-->src\main\AndroidManifest.xml:19:230-275
66            android:windowSoftInputMode="adjustResize" >
66-->src\main\AndroidManifest.xml:19:187-229
67            <intent-filter>
67-->src\main\AndroidManifest.xml:20:7-23:23
68                <action android:name="android.intent.action.MAIN" />
68-->src\main\AndroidManifest.xml:21:9-60
68-->src\main\AndroidManifest.xml:21:17-58
69
70                <category android:name="android.intent.category.LAUNCHER" />
70-->src\main\AndroidManifest.xml:22:9-68
70-->src\main\AndroidManifest.xml:22:19-66
71            </intent-filter>
72            <intent-filter>
72-->src\main\AndroidManifest.xml:24:7-30:23
73                <action android:name="android.intent.action.VIEW" />
73-->src\main\AndroidManifest.xml:9:7-58
73-->src\main\AndroidManifest.xml:9:15-56
74
75                <category android:name="android.intent.category.DEFAULT" />
75-->src\main\AndroidManifest.xml:26:9-67
75-->src\main\AndroidManifest.xml:26:19-65
76                <category android:name="android.intent.category.BROWSABLE" />
76-->src\main\AndroidManifest.xml:10:7-67
76-->src\main\AndroidManifest.xml:10:17-65
77
78                <data android:scheme="com.anonymous.myapp" />
78-->src\main\AndroidManifest.xml:11:7-37
78-->src\main\AndroidManifest.xml:11:13-35
79                <data android:scheme="exp+my-app" />
79-->src\main\AndroidManifest.xml:11:7-37
79-->src\main\AndroidManifest.xml:11:13-35
80            </intent-filter>
81        </activity>
82        <activity
82-->src\main\AndroidManifest.xml:32:5-106
83            android:name="com.facebook.react.devsupport.DevSettingsActivity"
83-->src\main\AndroidManifest.xml:32:15-79
84            android:exported="false" />
84-->src\main\AndroidManifest.xml:32:80-104
85
86        <meta-data
86-->[:expo-dev-launcher] AndroidManifest.xml:12:9-14:37
87            android:name="expo.modules.updates.AUTO_SETUP"
87-->[:expo-dev-launcher] AndroidManifest.xml:13:13-59
88            android:value="false" />
88-->[:expo-dev-launcher] AndroidManifest.xml:14:13-34
89
90        <activity
90-->[:expo-dev-launcher] AndroidManifest.xml:16:9-29:20
91            android:name="expo.modules.devlauncher.launcher.DevLauncherActivity"
91-->[:expo-dev-launcher] AndroidManifest.xml:17:13-81
92            android:exported="true"
92-->[:expo-dev-launcher] AndroidManifest.xml:18:13-36
93            android:launchMode="singleTask"
93-->[:expo-dev-launcher] AndroidManifest.xml:19:13-44
94            android:theme="@style/Theme.DevLauncher.LauncherActivity" >
94-->[:expo-dev-launcher] AndroidManifest.xml:20:13-70
95            <intent-filter>
95-->[:expo-dev-launcher] AndroidManifest.xml:21:13-28:29
96                <action android:name="android.intent.action.VIEW" />
96-->src\main\AndroidManifest.xml:9:7-58
96-->src\main\AndroidManifest.xml:9:15-56
97
98                <category android:name="android.intent.category.DEFAULT" />
98-->src\main\AndroidManifest.xml:26:9-67
98-->src\main\AndroidManifest.xml:26:19-65
99                <category android:name="android.intent.category.BROWSABLE" />
99-->src\main\AndroidManifest.xml:10:7-67
99-->src\main\AndroidManifest.xml:10:17-65
100
101                <data android:scheme="expo-dev-launcher" />
101-->src\main\AndroidManifest.xml:11:7-37
101-->src\main\AndroidManifest.xml:11:13-35
102            </intent-filter>
103        </activity>
104        <activity
104-->[:expo-dev-launcher] AndroidManifest.xml:30:9-33:70
105            android:name="expo.modules.devlauncher.launcher.errors.DevLauncherErrorActivity"
105-->[:expo-dev-launcher] AndroidManifest.xml:31:13-93
106            android:screenOrientation="portrait"
106-->[:expo-dev-launcher] AndroidManifest.xml:32:13-49
107            android:theme="@style/Theme.DevLauncher.ErrorActivity" />
107-->[:expo-dev-launcher] AndroidManifest.xml:33:13-67
108        <activity
108-->[:expo-dev-menu] AndroidManifest.xml:8:9-21:20
109            android:name="expo.modules.devmenu.DevMenuActivity"
109-->[:expo-dev-menu] AndroidManifest.xml:9:13-64
110            android:exported="true"
110-->[:expo-dev-menu] AndroidManifest.xml:10:13-36
111            android:launchMode="singleTask"
111-->[:expo-dev-menu] AndroidManifest.xml:11:13-44
112            android:theme="@style/Theme.AppCompat.Transparent.NoActionBar" >
112-->[:expo-dev-menu] AndroidManifest.xml:12:13-75
113            <intent-filter>
113-->[:expo-dev-menu] AndroidManifest.xml:13:13-20:29
114                <action android:name="android.intent.action.VIEW" />
114-->src\main\AndroidManifest.xml:9:7-58
114-->src\main\AndroidManifest.xml:9:15-56
115
116                <category android:name="android.intent.category.DEFAULT" />
116-->src\main\AndroidManifest.xml:26:9-67
116-->src\main\AndroidManifest.xml:26:19-65
117                <category android:name="android.intent.category.BROWSABLE" />
117-->src\main\AndroidManifest.xml:10:7-67
117-->src\main\AndroidManifest.xml:10:17-65
118
119                <data android:scheme="expo-dev-menu" />
119-->src\main\AndroidManifest.xml:11:7-37
119-->src\main\AndroidManifest.xml:11:13-35
120            </intent-filter>
121        </activity>
122
123        <provider
123-->[:expo-file-system] AndroidManifest.xml:21:9-30:20
124            android:name="expo.modules.filesystem.FileSystemFileProvider"
124-->[:expo-file-system] AndroidManifest.xml:22:13-74
125            android:authorities="com.anonymous.myapp.FileSystemFileProvider"
125-->[:expo-file-system] AndroidManifest.xml:23:13-74
126            android:exported="false"
126-->[:expo-file-system] AndroidManifest.xml:24:13-37
127            android:grantUriPermissions="true" >
127-->[:expo-file-system] AndroidManifest.xml:25:13-47
128            <meta-data
128-->[:expo-file-system] AndroidManifest.xml:27:13-29:70
129                android:name="android.support.FILE_PROVIDER_PATHS"
129-->[:expo-file-system] AndroidManifest.xml:28:17-67
130                android:resource="@xml/file_system_provider_paths" />
130-->[:expo-file-system] AndroidManifest.xml:29:17-67
131        </provider>
132
133        <meta-data
133-->[:expo-modules-core] AndroidManifest.xml:9:9-11:89
134            android:name="org.unimodules.core.AppLoader#react-native-headless"
134-->[:expo-modules-core] AndroidManifest.xml:10:13-79
135            android:value="expo.modules.adapters.react.apploader.RNHeadlessAppLoader" />
135-->[:expo-modules-core] AndroidManifest.xml:11:13-86
136        <meta-data
136-->[:expo-modules-core] AndroidManifest.xml:12:9-15:45
137            android:name="com.facebook.soloader.enabled"
137-->[:expo-modules-core] AndroidManifest.xml:13:13-57
138            android:value="true" />
138-->[:expo-modules-core] AndroidManifest.xml:14:13-33
139
140        <provider
140-->[androidx.emoji2:emoji2:1.2.0] AndroidManifest.xml:24:9-32:20
141            android:name="androidx.startup.InitializationProvider"
141-->[androidx.emoji2:emoji2:1.2.0] AndroidManifest.xml:25:13-67
142            android:authorities="com.anonymous.myapp.androidx-startup"
142-->[androidx.emoji2:emoji2:1.2.0] AndroidManifest.xml:26:13-68
143            android:exported="false" >
143-->[androidx.emoji2:emoji2:1.2.0] AndroidManifest.xml:27:13-37
144            <meta-data
144-->[androidx.emoji2:emoji2:1.2.0] AndroidManifest.xml:29:13-31:52
145                android:name="androidx.emoji2.text.EmojiCompatInitializer"
145-->[androidx.emoji2:emoji2:1.2.0] AndroidManifest.xml:30:17-75
146                android:value="androidx.startup" />
146-->[androidx.emoji2:emoji2:1.2.0] AndroidManifest.xml:31:17-49
147            <meta-data
147-->[androidx.lifecycle:lifecycle-process:2.6.1] AndroidManifest.xml:29:13-31:52
148                android:name="androidx.lifecycle.ProcessLifecycleInitializer"
148-->[androidx.lifecycle:lifecycle-process:2.6.1] AndroidManifest.xml:30:17-78
149                android:value="androidx.startup" />
149-->[androidx.lifecycle:lifecycle-process:2.6.1] AndroidManifest.xml:31:17-49
150            <meta-data
150-->[androidx.profileinstaller:profileinstaller:1.3.0] AndroidManifest.xml:29:13-31:52
151                android:name="androidx.profileinstaller.ProfileInstallerInitializer"
151-->[androidx.profileinstaller:profileinstaller:1.3.0] AndroidManifest.xml:30:17-85
152                android:value="androidx.startup" />
152-->[androidx.profileinstaller:profileinstaller:1.3.0] AndroidManifest.xml:31:17-49
153        </provider>
154
155        <receiver
155-->[androidx.profileinstaller:profileinstaller:1.3.0] AndroidManifest.xml:34:9-52:20
156            android:name="androidx.profileinstaller.ProfileInstallReceiver"
156-->[androidx.profileinstaller:profileinstaller:1.3.0] AndroidManifest.xml:35:13-76
157            android:directBootAware="false"
157-->[androidx.profileinstaller:profileinstaller:1.3.0] AndroidManifest.xml:36:13-44
158            android:enabled="true"
158-->[androidx.profileinstaller:profileinstaller:1.3.0] AndroidManifest.xml:37:13-35
159            android:exported="true"
159-->[androidx.profileinstaller:profileinstaller:1.3.0] AndroidManifest.xml:38:13-36
160            android:permission="android.permission.DUMP" >
160-->[androidx.profileinstaller:profileinstaller:1.3.0] AndroidManifest.xml:39:13-57
161            <intent-filter>
161-->[androidx.profileinstaller:profileinstaller:1.3.0] AndroidManifest.xml:40:13-42:29
162                <action android:name="androidx.profileinstaller.action.INSTALL_PROFILE" />
162-->[androidx.profileinstaller:profileinstaller:1.3.0] AndroidManifest.xml:41:17-91
162-->[androidx.profileinstaller:profileinstaller:1.3.0] AndroidManifest.xml:41:25-88
163            </intent-filter>
164            <intent-filter>
164-->[androidx.profileinstaller:profileinstaller:1.3.0] AndroidManifest.xml:43:13-45:29
165                <action android:name="androidx.profileinstaller.action.SKIP_FILE" />
165-->[androidx.profileinstaller:profileinstaller:1.3.0] AndroidManifest.xml:44:17-85
165-->[androidx.profileinstaller:profileinstaller:1.3.0] AndroidManifest.xml:44:25-82
166            </intent-filter>
167            <intent-filter>
167-->[androidx.profileinstaller:profileinstaller:1.3.0] AndroidManifest.xml:46:13-48:29
168                <action android:name="androidx.profileinstaller.action.SAVE_PROFILE" />
168-->[androidx.profileinstaller:profileinstaller:1.3.0] AndroidManifest.xml:47:17-88
168-->[androidx.profileinstaller:profileinstaller:1.3.0] AndroidManifest.xml:47:25-85
169            </intent-filter>
170            <intent-filter>
170-->[androidx.profileinstaller:profileinstaller:1.3.0] AndroidManifest.xml:49:13-51:29
171                <action android:name="androidx.profileinstaller.action.BENCHMARK_OPERATION" />
171-->[androidx.profileinstaller:profileinstaller:1.3.0] AndroidManifest.xml:50:17-95
171-->[androidx.profileinstaller:profileinstaller:1.3.0] AndroidManifest.xml:50:25-92
172            </intent-filter>
173        </receiver>
174    </application>
175
176</manifest>